Arguments: 
  C:\Program Files\nodejs\node.exe C:\Users\anitha sai\AppData\Roaming\npm\node_modules\yarn\bin\yarn.js add react-bootstrap bootstrap

PATH: 
  E:\VM ware\bin\;C:\Program Files (x86)\Common Files\Oracle\Java\javapath;C:\WINDOWS\system32;C:\WINDOWS;C:\WINDOWS\System32\Wbem;C:\WINDOWS\System32\WindowsPowerShell\v1.0\;C:\WINDOWS\System32\OpenSSH\;C:\Program Files\swipl\bin;C:\Program Files\Git\cmd;C:\Program Files\nodejs\;C:\Program Files (x86)\dotnet\;D:\mySql\bin;C:\Program Files\MySQL\MySQL Shell 8.0\bin\;C:\Users\anitha sai\AppData\Local\Programs\Python\Python39\Scripts\;C:\Users\anitha sai\AppData\Local\Programs\Python\Python39\;C:\Users\anitha sai\AppData\Local\Microsoft\WindowsApps;C:\Users\anitha sai\AppData\Local\Programs\Microsoft VS Code\bin;C:\Program Files\mingw-w64\x86_64-8.1.0-posix-seh-rt_v6-rev0\mingw64\bin;C:\Users\anitha sai\AppData\Roaming\npm;C:\MinGW\bin;C:\Users\anitha sai\OneDrive\Desktop\sublime\mingw32\bin;C:\Users\anitha sai\OneDrive\Desktop\cpp\bin;;E:\pycharm\PyCharm 2022.2.3\bin;

Yarn version: 
  1.22.19

Node version: 
  16.13.1

Platform: 
  win32 x64

Trace: 
  Error: https://registry.yarnpkg.com/reanpmct-file-base64: Not found
      at Request.params.callback [as _callback] (C:\Users\anitha sai\AppData\Roaming\npm\node_modules\yarn\lib\cli.js:66145:18)
      at Request.self.callback (C:\Users\anitha sai\AppData\Roaming\npm\node_modules\yarn\lib\cli.js:140890:22)
      at Request.emit (node:events:390:28)
      at Request.<anonymous> (C:\Users\anitha sai\AppData\Roaming\npm\node_modules\yarn\lib\cli.js:141862:10)
      at Request.emit (node:events:390:28)
      at IncomingMessage.<anonymous> (C:\Users\anitha sai\AppData\Roaming\npm\node_modules\yarn\lib\cli.js:141784:12)
      at Object.onceWrapper (node:events:509:28)
      at IncomingMessage.emit (node:events:402:35)
      at endReadableNT (node:internal/streams/readable:1343:12)
      at processTicksAndRejections (node:internal/process/task_queues:83:21)

npm manifest: 
  {
    "name": "client",
    "version": "0.1.0",
    "private": true,
    "dependencies": {
      "@testing-library/jest-dom": "^5.16.5",
      "@testing-library/react": "^13.4.0",
      "@testing-library/user-event": "^13.5.0",
      "axios": "^1.3.2",
      "moment": "^2.29.4",
      "quagga": "^0.12.1",
      "react": "^18.2.0",
      "react-dom": "^18.2.0",
      "reanpmct-file-base64": "^1.0.3",
      "react-scripts": "5.0.1",
      "redux": "^4.2.1",
      "redux-thunk": "^2.4.2",
      "web-vitals": "^2.1.4"
    },
    "scripts": {
      "start": "react-scripts start",
      "build": "react-scripts build",
      "test": "react-scripts test",
      "eject": "react-scripts eject"
    },
    "eslintConfig": {
      "extends": [
        "react-app",
        "react-app/jest"
      ]
    },
    "browserslist": {
      "production": [
        ">0.2%",
        "not dead",
        "not op_mini all"
      ],
      "development": [
        "last 1 chrome version",
        "last 1 firefox version",
        "last 1 safari version"
      ]
    }
  }

yarn manifest: 
  No manifest

Lockfile: 
  No lockfile
